<?xml version="1.0" encoding="UTF-8"?>
<!-- Generated by org.testng.reporters.JUnitXMLReporter -->
<testsuite ignored="9" hostname="QT-INBG-LT1883" failures="1" tests="1" name="Default test(failed)" time="0.869" errors="0" timestamp="2024-02-05T11:26:52 IST">
  <testcase classname="testpackage.Practice" name="details" time="0.805">
    <failure type="java.lang.IllegalArgumentException" message="The workbook already contains a sheet named &amp;apos;update3&amp;apos;">
      <![CDATA[java.lang.IllegalArgumentException: The workbook already contains a sheet named 'update3'
at org.apache.poi.xssf.usermodel.XSSFWorkbook.validateSheetName(XSSFWorkbook.java:914)
at org.apache.poi.xssf.usermodel.XSSFWorkbook.createSheet(XSSFWorkbook.java:867)
at testpackage.Practice.details(Practice.java:233)
at java.base/java.util.ArrayList.forEach(ArrayList.java:1511)
... Removed 27 stack frames]]>
    </failure>
  </testcase> <!-- details -->
  <testcase classname="testpackage.Practice" name="authpopoup" time="0.0">
    <ignored/>
  </testcase> <!-- authpopoup -->
  <testcase classname="testpackage.Practice" name="test2" time="0.0">
    <ignored/>
  </testcase> <!-- test2 -->
  <testcase classname="testpackage.Practice" name="setup4" time="0.0">
    <ignored/>
  </testcase> <!-- setup4 -->
  <testcase classname="testpackage.Practice" name="autosuggestivedropdown" time="0.0">
    <ignored/>
  </testcase> <!-- autosuggestivedropdown -->
  <testcase classname="testpackage.Practice" name="pushnotification" time="0.0">
    <ignored/>
  </testcase> <!-- pushnotification -->
  <testcase classname="testpackage.Practice" name="dropdown" time="0.0">
    <ignored/>
  </testcase> <!-- dropdown -->
  <testcase classname="testpackage.Practice" name="alert" time="0.0">
    <ignored/>
  </testcase> <!-- alert -->
  <testcase classname="testpackage.Practice" name="table" time="0.0">
    <ignored/>
  </testcase> <!-- table -->
  <testcase classname="testpackage.Practice" name="test1" time="0.0">
    <ignored/>
  </testcase> <!-- test1 -->
</testsuite> <!-- Default test(failed) -->
