<?xml version="1.0" encoding="UTF-8"?>
<!-- Generated by org.testng.reporters.JUnitXMLReporter -->
<testsuite ignored="9" hostname="QT-INBG-LT1883" failures="2" tests="3" name="Test" time="64.233" errors="0" timestamp="2024-02-05T14:07:03 IST">
  <testcase classname="testpackage.LoginTest" name="login" time="4.274"/>
  <testcase classname="testpackage.RegisterTest" name="RegisterUser" time="0.0">
    <failure type="org.testng.TestNGException" message="
Method public void testpackage.RegisterTest.RegisterUser(java.lang.String,java.lang.String,java.lang.String,java.lang.String,java.lang.String) requires a @DataProvider named : Registerdata">
      <![CDATA[org.testng.TestNGException: 
Method public void testpackage.RegisterTest.RegisterUser(java.lang.String,java.lang.String,java.lang.String,java.lang.String,java.lang.String) requires a @DataProvider named : Registerdata
at java.base/java.util.ArrayList.forEach(ArrayList.java:1511)
... Removed 24 stack frames]]>
    </failure>
  </testcase> <!-- RegisterUser -->
  <testcase classname="testpackage.PracticeTest" name="details" time="1.363">
    <failure type="java.lang.IllegalArgumentException" message="The workbook already contains a sheet named &amp;apos;update3&amp;apos;">
      <![CDATA[java.lang.IllegalArgumentException: The workbook already contains a sheet named 'update3'
at org.apache.poi.xssf.usermodel.XSSFWorkbook.validateSheetName(XSSFWorkbook.java:914)
at org.apache.poi.xssf.usermodel.XSSFWorkbook.createSheet(XSSFWorkbook.java:867)
at testpackage.PracticeTest.details(PracticeTest.java:233)
at java.base/java.util.ArrayList.forEach(ArrayList.java:1511)
... Removed 27 stack frames]]>
    </failure>
  </testcase> <!-- details -->
  <testcase classname="testpackage.PracticeTest" name="authpopoup" time="0.0">
    <ignored/>
  </testcase> <!-- authpopoup -->
  <testcase classname="testpackage.PracticeTest" name="test2" time="0.0">
    <ignored/>
  </testcase> <!-- test2 -->
  <testcase classname="testpackage.PracticeTest" name="setup4" time="0.0">
    <ignored/>
  </testcase> <!-- setup4 -->
  <testcase classname="testpackage.PracticeTest" name="test1" time="0.0">
    <ignored/>
  </testcase> <!-- test1 -->
  <testcase classname="testpackage.PracticeTest" name="dropdown" time="0.0">
    <ignored/>
  </testcase> <!-- dropdown -->
  <testcase classname="testpackage.PracticeTest" name="table" time="0.0">
    <ignored/>
  </testcase> <!-- table -->
  <testcase classname="testpackage.PracticeTest" name="pushnotification" time="0.0">
    <ignored/>
  </testcase> <!-- pushnotification -->
  <testcase classname="testpackage.PracticeTest" name="autosuggestivedropdown" time="0.0">
    <ignored/>
  </testcase> <!-- autosuggestivedropdown -->
  <testcase classname="testpackage.PracticeTest" name="alert" time="0.0">
    <ignored/>
  </testcase> <!-- alert -->
</testsuite> <!-- Test -->
