<?xml version="1.0" encoding="UTF-8"?>
<!-- Generated by org.testng.reporters.JUnitXMLReporter -->
<testsuite ignored="9" hostname="QT-INBG-LT1883" failures="0" tests="1" name="Default test" time="0.853" errors="0" timestamp="2024-02-04T17:40:15 IST">
  <testcase classname="testpackage.Practice" name="details" time="0.808"/>
  <testcase classname="testpackage.Practice" name="autosuggestivedropdown" time="0.0">
    <ignored/>
  </testcase> <!-- autosuggestivedropdown -->
  <testcase classname="testpackage.Practice" name="table" time="0.0">
    <ignored/>
  </testcase> <!-- table -->
  <testcase classname="testpackage.Practice" name="test2" time="0.0">
    <ignored/>
  </testcase> <!-- test2 -->
  <testcase classname="testpackage.Practice" name="pushnotification" time="0.0">
    <ignored/>
  </testcase> <!-- pushnotification -->
  <testcase classname="testpackage.Practice" name="dropdown" time="0.0">
    <ignored/>
  </testcase> <!-- dropdown -->
  <testcase classname="testpackage.Practice" name="authpopoup" time="0.0">
    <ignored/>
  </testcase> <!-- authpopoup -->
  <testcase classname="testpackage.Practice" name="test1" time="0.0">
    <ignored/>
  </testcase> <!-- test1 -->
  <testcase classname="testpackage.Practice" name="alert" time="0.0">
    <ignored/>
  </testcase> <!-- alert -->
  <testcase classname="testpackage.Practice" name="setup4" time="0.0">
    <ignored/>
  </testcase> <!-- setup4 -->
</testsuite> <!-- Default test -->
